{"name": "test_input_text[search_002-中文-123]", "status": "failed", "statusDetails": {"message": "AssertionError: assert 123 == 456", "trace": "self = <test_search.Test_Search_Page object at 0x0000020AF98E9550>\ntest_num = 'search_002', text = '中文', expect_data = 123\n\n    @pytest.mark.parametrize(\"test_num,text,expect_data\",yaml_data())\n    def test_input_text(self,test_num, text, expect_data):\n        print(\"用例编号:\",test_num)\n        self.search_obj.search_input(text)\n        self.driver.get_screenshot_as_file(\"./screen/%s.png\" % test_num)\n>       assert expect_data == 456\nE       assert 123 == 456\n\nscripts\\test_search.py:33: AssertionError"}, "parameters": [{"name": "test_num", "value": "'search_002'"}, {"name": "text", "value": "'中文'"}, {"name": "expect_data", "value": "123"}], "start": 1594043386170, "stop": 1594043393785, "uuid": "bf0183a3-5c92-49fd-a09b-529e037f135e", "historyId": "8ccbb976302e863c26f35e101d9aee7b", "testCaseId": "4b520dc3996ef6e825e42d0c07fa6725", "fullName": "scripts.test_search.Test_Search_Page#test_input_text", "labels": [{"name": "parentSuite", "value": "scripts"}, {"name": "suite", "value": "test_search"}, {"name": "subSuite", "value": "Test_Search_Page"}, {"name": "host", "value": "bbr1914"}, {"name": "thread", "value": "13540-MainThread"}, {"name": "framework", "value": "pytest"}, {"name": "language", "value": "cpython3"}, {"name": "package", "value": "scripts.test_search"}]}